<?xml version="1.0" encoding="UTF-8"?>
<!-- Generated by org.testng.reporters.JUnitXMLReporter -->
<testsuite hostname="STSPC93" ignored="0" name="Default test" tests="3" failures="0" timestamp="25 Sep 2018 12:48:35 GMT" time="0.072" errors="0">
  <testcase name="test1" time="0.012" classname="parrelTestingExample.testNGParallelTestingDemo"/>
  <testcase name="test2" time="0.001" classname="parrelTestingExample.testNGParallelTestingDemo"/>
  <testcase name="test3" time="0.002" classname="parrelTestingExample.testNGParallelTestingDemo"/>
</testsuite> <!-- Default test -->
