<?xml version="1.0" encoding="UTF-8"?>
<!-- Generated by org.testng.reporters.JUnitXMLReporter -->
<testsuite hostname="STSPC93" ignored="0" name="Test" tests="3" failures="0" timestamp="27 Sep 2018 09:06:41 GMT" time="0.227" errors="0">
  <testcase name="test1" time="0.06" classname="parrelTestingExample.testNGParallelTestingDemo"/>
  <testcase name="test2" time="0.06" classname="parrelTestingExample.testNGParallelTestingDemo"/>
  <testcase name="test3" time="0.002" classname="parrelTestingExample.testNGParallelTestingDemo"/>
</testsuite> <!-- Test -->
