<?xml version="1.0" encoding="UTF-8"?>
<!-- Generated by org.testng.reporters.JUnitXMLReporter -->
<testsuite hostname="DESKTOP" ignored="2" name="Test1" tests="2" failures="0" timestamp="26 Sep 2018 19:49:36 GMT" time="0.077" errors="0">
  <testcase name="test1" time="0.016" classname="testNgGrouping.testNgGroupingDemo"/>
  <testcase name="test2" time="0.008" classname="testNgGrouping.testNgGroupingDemo"/>
  <testcase name="test3" time="0.0" classname="testNgGrouping.testNgGroupingDemo">
    <ignored/>
  </testcase> <!-- test3 -->
  <testcase name="test4" time="0.0" classname="testNgGrouping.testNgGroupingDemo">
    <ignored/>
  </testcase> <!-- test4 -->
</testsuite> <!-- Test1 -->
